# JRE version: OpenJDK Runtime Environment JBR-17.0.6+10-829.5-jcef (17.0.6+10) (build 17.0.6+10-b829.5)
# Java VM: OpenJDK 64-Bit Server VM JBR-17.0.6+10-829.5-jcef (17.0.6+10-b829.5, mixed mode, tiered, compressed oops, compressed class ptrs, g1 gc, windows-amd64)
GC Precious Log:
 CPUs: 6 total, 6 available
 Memory: 16322M
 Large Page Support: Disabled
 NUMA Support: Disabled
 Compressed Oops: Enabled (32-bit)
 Heap Region Size: 1M
 Heap Min Capacity: 256M
 Heap Initial Capacity: 256M
 Heap Max Capacity: 512M
 Pre-touch: Disabled
 Parallel Workers: 6
 Concurrent Workers: 2
 Concurrent Refinement Workers: 6
 Periodic GC: Disabled
Heap:
 garbage-first heap   total 263168K, used 182271K [0x00000000e0000000, 0x0000000100000000)
  region size 1024K, 51 young (52224K), 6 survivors (6144K)
 Metaspace       used 138798K, committed 139520K, reserved 438272K
  class space    used 17650K, committed 17984K, reserved 315392K
GC Heap History (20 events):
Event: 31.916 GC heap before
{Heap before GC invocations=83 (full 0):
 garbage-first heap   total 262144K, used 228031K [0x00000000e0000000, 0x0000000100000000)
  region size 1024K, 136 young (139264K), 7 survivors (7168K)
 Metaspace       used 76046K, committed 76608K, reserved 389120K
  class space    used 10342K, committed 10560K, reserved 315392K
}
Event: 31.919 GC heap after
{Heap after GC invocations=84 (full 0):
 garbage-first heap   total 262144K, used 98202K [0x00000000e0000000, 0x0000000100000000)
  region size 1024K, 10 young (10240K), 10 survivors (10240K)
 Metaspace       used 76046K, committed 76608K, reserved 389120K
  class space    used 10342K, committed 10560K, reserved 315392K
}
Event: 32.733 GC heap before
{Heap before GC invocations=84 (full 0):
 garbage-first heap   total 262144K, used 238490K [0x00000000e0000000, 0x0000000100000000)
  region size 1024K, 133 young (136192K), 10 survivors (10240K)
 Metaspace       used 87409K, committed 88000K, reserved 397312K
  class space    used 11689K, committed 11968K, reserved 315392K
}
Event: 32.744 GC heap after
{Heap after GC invocations=85 (full 0):
 garbage-first heap   total 263168K, used 119582K [0x00000000e0000000, 0x0000000100000000)
  region size 1024K, 17 young (17408K), 17 survivors (17408K)
 Metaspace       used 87409K, committed 88000K, reserved 397312K
  class space    used 11689K, committed 11968K, reserved 315392K
}
Event: 33.471 GC heap before
{Heap before GC invocations=85 (full 0):
 garbage-first heap   total 263168K, used 219934K [0x00000000e0000000, 0x0000000100000000)
  region size 1024K, 114 young (116736K), 17 survivors (17408K)
 Metaspace       used 98253K, committed 98944K, reserved 405504K
  class space    used 12928K, committed 13248K, reserved 315392K
}
Event: 33.479 GC heap after
{Heap after GC invocations=86 (full 0):
 garbage-first heap   total 263168K, used 126587K [0x00000000e0000000, 0x0000000100000000)
  region size 1024K, 7 young (7168K), 7 survivors (7168K)
 Metaspace       used 98253K, committed 98944K, reserved 405504K
  class space    used 12928K, committed 13248K, reserved 315392K
}
Event: 33.668 GC heap before
{Heap before GC invocations=86 (full 0):
 garbage-first heap   total 263168K, used 153211K [0x00000000e0000000, 0x0000000100000000)
  region size 1024K, 34 young (34816K), 7 survivors (7168K)
 Metaspace       used 99947K, committed 100608K, reserved 405504K
  class space    used 13119K, committed 13440K, reserved 315392K
}
Event: 33.672 GC heap after
{Heap after GC invocations=87 (full 0):
 garbage-first heap   total 263168K, used 127129K [0x00000000e0000000, 0x0000000100000000)
  region size 1024K, 7 young (7168K), 7 survivors (7168K)
 Metaspace       used 99947K, committed 100608K, reserved 405504K
  class space    used 13119K, committed 13440K, reserved 315392K
}
Event: 34.340 GC heap before
{Heap before GC invocations=88 (full 0):
 garbage-first heap   total 263168K, used 211968K [0x00000000e0000000, 0x0000000100000000)
  region size 1024K, 99 young (101376K), 7 survivors (7168K)
 Metaspace       used 108557K, committed 109248K, reserved 413696K
  class space    used 14148K, committed 14464K, reserved 315392K
}
Event: 34.346 GC heap after
{Heap after GC invocations=89 (full 0):
 garbage-first heap   total 263168K, used 123094K [0x00000000e0000000, 0x0000000100000000)
  region size 1024K, 13 young (13312K), 13 survivors (13312K)
 Metaspace       used 108557K, committed 109248K, reserved 413696K
  class space    used 14148K, committed 14464K, reserved 315392K
}
Event: 34.354 GC heap before
{Heap before GC invocations=89 (full 0):
 garbage-first heap   total 263168K, used 124118K [0x00000000e0000000, 0x0000000100000000)
  region size 1024K, 14 young (14336K), 13 survivors (13312K)
 Metaspace       used 108659K, committed 109312K, reserved 413696K
  class space    used 14169K, committed 14464K, reserved 315392K
}
Event: 34.359 GC heap after
{Heap after GC invocations=90 (full 0):
 garbage-first heap   total 263168K, used 122837K [0x00000000e0000000, 0x0000000100000000)
  region size 1024K, 2 young (2048K), 2 survivors (2048K)
 Metaspace       used 108659K, committed 109312K, reserved 413696K
  class space    used 14169K, committed 14464K, reserved 315392K
}
Event: 35.209 GC heap before
{Heap before GC invocations=90 (full 0):
 garbage-first heap   total 263168K, used 220117K [0x00000000e0000000, 0x0000000100000000)
  region size 1024K, 97 young (99328K), 2 survivors (2048K)
 Metaspace       used 121772K, committed 122432K, reserved 430080K
  class space    used 15708K, committed 16000K, reserved 315392K
}
Event: 35.212 GC heap after
{Heap after GC invocations=91 (full 0):
 garbage-first heap   total 263168K, used 124397K [0x00000000e0000000, 0x0000000100000000)
  region size 1024K, 4 young (4096K), 4 survivors (4096K)
 Metaspace       used 121772K, committed 122432K, reserved 430080K
  class space    used 15708K, committed 16000K, reserved 315392K
}
Event: 35.741 GC heap before
{Heap before GC invocations=92 (full 0):
 garbage-first heap   total 263168K, used 221677K [0x00000000e0000000, 0x0000000100000000)
  region size 1024K, 98 young (100352K), 4 survivors (4096K)
 Metaspace       used 124743K, committed 125440K, reserved 430080K
  class space    used 16013K, committed 16320K, reserved 315392K
}
Event: 35.748 GC heap after
{Heap after GC invocations=93 (full 0):
 garbage-first heap   total 263168K, used 134220K [0x00000000e0000000, 0x0000000100000000)
  region size 1024K, 13 young (13312K), 13 survivors (13312K)
 Metaspace       used 124743K, committed 125440K, reserved 430080K
  class space    used 16013K, committed 16320K, reserved 315392K
}
Event: 35.753 GC heap before
{Heap before GC invocations=93 (full 0):
 garbage-first heap   total 263168K, used 135244K [0x00000000e0000000, 0x0000000100000000)
  region size 1024K, 14 young (14336K), 13 survivors (13312K)
 Metaspace       used 124756K, committed 125440K, reserved 430080K
  class space    used 16013K, committed 16320K, reserved 315392K
}
Event: 35.758 GC heap after
{Heap after GC invocations=94 (full 0):
 garbage-first heap   total 263168K, used 134143K [0x00000000e0000000, 0x0000000100000000)
  region size 1024K, 2 young (2048K), 2 survivors (2048K)
 Metaspace       used 124756K, committed 125440K, reserved 430080K
  class space    used 16013K, committed 16320K, reserved 315392K
}
Event: 40.891 GC heap before
{Heap before GC invocations=94 (full 0):
 garbage-first heap   total 263168K, used 218111K [0x00000000e0000000, 0x0000000100000000)
  region size 1024K, 84 young (86016K), 2 survivors (2048K)
 Metaspace       used 138220K, committed 138944K, reserved 438272K
  class space    used 17622K, committed 17984K, reserved 315392K
}
Event: 40.897 GC heap after
{Heap after GC invocations=95 (full 0):
 garbage-first heap   total 263168K, used 138239K [0x00000000e0000000, 0x0000000100000000)
  region size 1024K, 6 young (6144K), 6 survivors (6144K)
 Metaspace       used 138220K, committed 138944K, reserved 438272K
  class space    used 17622K, committed 17984K, reserved 315392K
}

